1516777614746	geckodriver	INFO	geckodriver 0.19.1
1516777614757	geckodriver	INFO	Listening on 127.0.0.1:58886
1516777617915	mozrunner::runner	INFO	Running command: "D:\\tool\\firefox\\firefox.exe" "-marionette" "-profile" "C:\\Users\\lenovo\\AppData\\Local\\Temp\\rust_mozprofile.N0KRgom63UfU"
1516778614257	geckodriver	INFO	geckodriver 0.19.1
1516778614268	geckodriver	INFO	Listening on 127.0.0.1:59749
1516778617363	mozrunner::runner	INFO	Running command: "D:\\tool\\firefox\\firefox.exe" "-marionette" "-profile" "C:\\Users\\lenovo\\AppData\\Local\\Temp\\rust_mozprofile.DJRJsRoxQGP9"
1516778618484	Marionette	INFO	Enabled via --marionette
1516778621750	Marionette	INFO	Listening on port 59758
1516778622596	Marionette	WARN	TLS certificate errors will be ignored for this session
Unable to read VR Path Registry from C:\Users\lenovo\AppData\Local\openvr\openvrpaths.vrpath
JavaScript warning: http://js.taipwl.com/yingshidaquan/super.js, line 3031: unreachable code after return statement
Unable to read VR Path Registry from C:\Users\lenovo\AppData\Local\openvr\openvrpaths.vrpath
[Parent 14132, Gecko_IOThread] WARNING: pipe error: 109: file z:/build/build/src/ipc/chromium/src/chrome/common/ipc_channel_win.cc, line 346
[Parent 14132, Gecko_IOThread] WARNING: pipe error: 109: file z:/build/build/src/ipc/chromium/src/chrome/common/ipc_channel_win.cc, line 346
[Child 5636, Chrome_ChildThread] WARNING: pipe error: 109: file z:/build/build/src/ipc/chromium/src/chrome/common/ipc_channel_win.cc, line 346
[Child 5636, Chrome_ChildThread] WARNING: pipe error: 109: file z:/build/build/src/ipc/chromium/src/chrome/common/ipc_channel_win.cc, line 346
Unable to read VR Path Registry from C:\Users\lenovo\AppData\Local\openvr\openvrpaths.vrpath
[Child 14056, Chrome_ChildThread] WARNING: pipe error: 109: file z:/build/build/src/ipc/chromium/src/chrome/common/ipc_channel_win.cc, line 346
[Child 14056, Chrome_ChildThread] WARNING: pipe error: 109: file z:/build/build/src/ipc/chromium/src/chrome/common/ipc_channel_win.cc, line 346
[Parent 14132, Gecko_IOThread] WARNING: pipe error: 109: file z:/build/build/src/ipc/chromium/src/chrome/common/ipc_channel_win.cc, line 346
Unable to read VR Path Registry from C:\Users\lenovo\AppData\Local\openvr\openvrpaths.vrpath
[Child 14656, Chrome_ChildThread] WARNING: pipe error: 109: file z:/build/build/src/ipc/chromium/src/chrome/common/ipc_channel_win.cc, line 346
[Child 14656, Chrome_ChildThread] WARNING: pipe error: 109: file z:/build/build/src/ipc/chromium/src/chrome/common/ipc_channel_win.cc, line 346

###!!! [Child][MessageChannel::SendAndWait] Error: Channel error: cannot send/recv

1516778831532	geckodriver	INFO	geckodriver 0.19.1
1516778831545	geckodriver	INFO	Listening on 127.0.0.1:60023
1516778834643	mozrunner::runner	INFO	Running command: "D:\\tool\\firefox\\firefox.exe" "-marionette" "-profile" "C:\\Users\\lenovo\\AppData\\Local\\Temp\\rust_mozprofile.0cJ8qRA26v2N"
1516778835668	Marionette	INFO	Enabled via --marionette
1516778839035	Marionette	INFO	Listening on port 60032
1516778839858	Marionette	WARN	TLS certificate errors will be ignored for this session
Unable to read VR Path Registry from C:\Users\lenovo\AppData\Local\openvr\openvrpaths.vrpath
JavaScript warning: http://js.taipwl.com/yingshidaquan/super.js, line 3031: unreachable code after return statement
[Child 13684, Chrome_ChildThread] WARNING: pipe error: 109: file z:/build/build/src/ipc/chromium/src/chrome/common/ipc_channel_win.cc, line 346
Unable to read VR Path Registry from C:\Users\lenovo\AppData\Local\openvr\openvrpaths.vrpath
[Child 15128, Chrome_ChildThread] WARNING: pipe error: 109: file z:/build/build/src/ipc/chromium/src/chrome/common/ipc_channel_win.cc, line 346
[Child 15128, Chrome_ChildThread] WARNING: pipe error: 109: file z:/build/build/src/ipc/chromium/src/chrome/Unable to read VR Path Registry from C:\Users\lenovo\AppData\Local\openvr\openvrpaths.vrpath
JavaScript warning: http://js.taipwl.com/yingshidaquan/super.js, line 3031: unreachable code after return statement
JavaScript error: https://c.v4dwkcv.com/js/rr/rich_ex.js?v=0.22, line 174: TypeError: obj is undefined
JavaScript error: https://c.v4dwkcv.com/js/rr/rich_ex.js?v=0.22, line 174: TypeError: obj is undefined
JavaScript error: https://c.v4dwkcv.com/js/rr/rich_ex.js?v=0.22, line 174: TypeError: obj is undefined
JavaScript error: https://c.v4dwkcv.com/js/rr/rich_ex.js?v=0.22, line 174: TypeError: obj is undefined
JavaScript error: https://c.v4dwkcv.com/js/rr/rich_ex.js?v=0.22, line 174: TypeError: obj is undefined
JavaScript error: https://c.v4dwkcv.com/js/rr/rich_ex.js?v=0.22, line 174: TypeError: obj is undefined
JavaScript error: https://c.v4dwkcv.com/js/rr/rich_ex.js?v=0.22, line 174: TypeError: obj is undefined
JavaScript error: https://c.v4dwkcv.com/js/rr/rich_ex.js?v=0.22, line 174: TypeError: obj is undefined
JavaScript error: https://c.v4dwkcv.com/js/rr/rich_ex.js?v=0.22, line 174: TypeError: obj is undefined
JavaScript error: https://c.v4dwkcv.com/js/rr/rich_ex.js?v=0.22, line 174: TypeError: obj is undefined
JavaScript error: https://c.v4dwkcv.com/js/rr/rich_ex.js?v=0.22, line 174: TypeError: obj is undefined
JavaScript error: https://c.v4dwkcv.com/js/rr/rich_ex.js?v=0.22, line 174: TypeError: obj is undefined
JavaScript error: https://c.v4dwkcv.com/js/rr/rich_ex.js?v=0.22, line 174: TypeError: obj is undefined
JavaScript error: https://c.v4dwkcv.com/js/rr/rich_ex.js?v=0.22, line 174: TypeError: obj is undefined
JavaScript error: https://c.v4dwkcv.com/js/rr/rich_ex.js?v=0.22, line 174: TypeError: obj is undefined
JavaScript error: https://c.v4dwkcv.com/js/rr/rich_ex.js?v=0.22, line 174: TypeError: obj is undefined
JavaScript error: https://c.v4dwkcv.com/js/rr/rich_ex.js?v=0.22, line 174: TypeError: obj is undefined
JavaScript error: https://c.v4dwkcv.com/js/rr/rich_ex.js?v=0.22, line 174: TypeError: obj is undefined
JavaScript error: https://c.v4dwkcv.com/js/rr/rich_ex.js?v=0.22, line 174: TypeError: obj is undefined
JavaScript error: https://c.v4dwkcv.com/js/rr/rich_ex.js?v=0.22, line 174: TypeError: obj is undefined
JavaScript error: https://c.v4dwkcv.com/js/rr/rich_ex.js?v=0.22, line 174: TypeError: obj is undefined
JavaScript error: https://c.v4dwkcv.com/js/rr/rich_ex.js?v=0.22, line 174: TypeError: obj is undefined
JavaScript error: https://c.v4dwkcv.com/js/rr/rich_ex.js?v=0.22, line 174: TypeError: obj is undefined
JavaScript error: https://c.v4dwkcv.com/js/rr/rich_ex.js?v=0.22, line 174: TypeError: obj is undefined
JavaScript error: https://c.v4dwkcv.com/js/rr/rich_ex.js?v=0.22, line 174: TypeError: obj is undefined
JavaScript error: https://c.v4dwkcv.com/js/rr/rich_ex.js?v=0.22, line 174: TypeError: obj is undefined
JavaScript error: https://c.v4dwkcv.com/js/rr/rich_ex.js?v=0.22, line 174: TypeError: obj is undefined
JavaScript error: https://c.v4dwkcv.com/js/rr/rich_ex.js?v=0.22, line 174: TypeError: obj is undefined
JavaScript error: https://c.v4dwkcv.com/js/rr/rich_ex.js?v=0.22, line 174: TypeError: obj is undefined
JavaScript error: https://c.v4dwkcv.com/js/rr/rich_ex.js?v=0.22, line 174: TypeError: obj is undefined
JavaScript error: https://c.v4dwkcv.com/js/rr/rich_ex.js?v=0.22, line 174: TypeError: obj is undefined
JavaScript error: https://c.v4dwkcv.com/js/rr/rich_ex.js?v=0.22, line 174: TypeError: obj is undefined
JavaScript error: https://c.v4dwkcv.com/js/rr/rich_ex.js?v=0.22, line 174: TypeError: obj is undefined
JavaScript error: https://c.v4dwkcv.com/js/rr/rich_ex.js?v=0.22, line 174: TypeError: obj is undefined
JavaScript error: https://c.v4dwkcv.com/js/rr/rich_ex.js?v=0.22, line 174: TypeError: obj is undefined
JavaScript error: https://c.v4dwkcv.com/js/rr/rich_ex.js?v=0.22, line 174: TypeError: obj is undefined
JavaScript error: https://c.v4dwkcv.com/js/rr/rich_ex.js?v=0.22, line 174: TypeError: obj is undefined
JavaScript error: https://c.v4dwkcv.com/js/rr/rich_ex.js?v=0.22, line 174: TypeError: obj is undefined
JavaScript error: https://c.v4dwkcv.com/js/rr/rich_ex.js?v=0.22, line 174: TypeError: obj is undefined
JavaScript error: https://c.v4dwkcv.com/js/rr/rich_ex.js?v=0.22, line 174: TypeError: obj is undefined
JavaScript error: https://c.v4dwkcv.com/js/rr/rich_ex.js?v=0.22, line 174: TypeError: obj is undefined
JavaScript error: https://c.v4dwkcv.com/js/rr/rich_ex.js?v=0.22, line 174: TypeError: obj is undefined
JavaScript error: https://c.v4dwkcv.com/js/rr/rich_ex.js?v=0.22, line 174: TypeError: obj is undefined
JavaScript error: https://c.v4dwkcv.com/js/rr/rich_ex.js?v=0.22, line 174: TypeError: obj is undefined
JavaScript error: https://c.v4dwkcv.com/js/rr/rich_ex.js?v=0.22, line 174: TypeError: obj is undefined
JavaScript error: https://c.v4dwkcv.com/js/rr/rich_ex.js?v=0.22, line 174: TypeError: obj is undefined
JavaScript error: https://c.v4dwkcv.com/js/rr/rich_ex.js?v=0.22, line 174: TypeError: obj is undefined
JavaScript error: https://c.v4dwkcv.com/js/rr/rich_ex.js?v=0.22, line 174: TypeError: obj is undefined
JavaScript error: https://c.v4dwkcv.com/js/rr/rich_ex.js?v=0.22, line 174: TypeError: obj is undefined
JavaScript error: https://c.v4dwkcv.com/js/rr/rich_ex.js?v=0.22, line 174: TypeError: obj is undefined
JavaScript error: https://c.v4dwkcv.com/js/rr/rich_ex.js?v=0.22, line 174: TypeError: obj is undefined
JavaScript error: https://c.v4dwkcv.com/js/rr/rich_ex.js?v=0.22, line 174: TypeError: obj is undefined
JavaScript error: https://c.v4dwkcv.com/js/rr/rich_ex.js?v=0.22, line 174: TypeError: obj is undefined
JavaScript error: https://c.v4dwkcv.com/js/rr/rich_ex.js?v=0.22, line 174: TypeError: obj is undefined
JavaScript error: https://c.v4dwkcv.com/js/rr/rich_ex.js?v=0.22, line 174: TypeError: obj is undefined
JavaScript error: https://c.v4dwkcv.com/js/rr/rich_ex.js?v=0.22, line 174: TypeError: obj is undefined
JavaScript error: https://c.v4dwkcv.com/js/rr/rich_ex.js?v=0.22, line 174: TypeError: obj is undefined
JavaScript error: https://c.v4dwkcv.com/js/rr/rich_ex.js?v=0.22, line 174: TypeError: obj is undefined
JavaScript error: https://c.v4dwkcv.com/js/rr/rich_ex.js?v=0.22, line 174: TypeError: obj is undefined
JavaScript error: https://c.v4dwkcv.com/js/rr/rich_ex.js?v=0.22, line 174: TypeError: obj is undefined
JavaScript error: https://c.v4dwkcv.com/js/rr/rich_ex.js?v=0.22, line 174: TypeError: obj is undefined
JavaScript error: https://c.v4dwkcv.com/js/rr/rich_ex.js?v=0.22, line 174: TypeError: obj is undefined
JavaScript error: https://c.v4dwkcv.com/js/rr/rich_ex.js?v=0.22, line 174: TypeError: obj is undefined
JavaScript error: https://c.v4dwkcv.com/js/rr/rich_ex.js?v=0.22, line 174: TypeError: obj is undefined
JavaScript error: https://c.v4dwkcv.com/js/rr/rich_ex.js?v=0.22, line 174: TypeError: obj is undefined
JavaScript error: https://c.v4dwkcv.com/js/rr/rich_ex.js?v=0.22, line 174: TypeError: obj is undefined
JavaScript error: https://c.v4dwkcv.com/js/rr/rich_ex.js?v=0.22, line 174: TypeError: obj is undefined
JavaScript error: https://c.v4dwkcv.com/js/rr/rich_ex.js?v=0.22, line 174: TypeError: obj is undefined
JavaScript error: https://c.v4dwkcv.com/js/rr/rich_ex.js?v=0.22, line 174: TypeError: obj is undefined
JavaScript error: https://c.v4dwkcv.com/js/rr/rich_ex.js?v=0.22, line 174: TypeError: obj is undefined
JavaScript error: https://c.v4dwkcv.com/js/rr/rich_ex.js?v=0.22, line 174: TypeError: obj is undefined
JavaScript error: https://c.v4dwkcv.com/js/rr/rich_ex.js?v=0.22, line 174: TypeError: obj is undefined
JavaScript error: https://c.v4dwkcv.com/js/rr/rich_ex.js?v=0.22, line 174: TypeError: obj is undefined
JavaScript error: https://c.v4dwkcv.com/js/rr/rich_ex.js?v=0.22, line 174: TypeError: obj is undefined
JavaScript error: https://c.v4dwkcv.com/js/rr/rich_ex.js?v=0.22, line 174: TypeError: obj is undefined
JavaScript error: https://c.v4dwkcv.com/js/rr/rich_ex.js?v=0.22, line 174: TypeError: obj is undefined
JavaScript error: https://c.v4dwkcv.com/js/rr/rich_ex.js?v=0.22, line 174: TypeError: obj is undefined
JavaScript error: https://c.v4dwkcv.com/js/rr/rich_ex.js?v=0.22, line 174: TypeError: obj is undefined
JavaScript error: https://c.v4dwkcv.com/js/rr/rich_ex.js?v=0.22, line 174: TypeError: obj is undefined
JavaScript error: https://c.v4dwkcv.com/js/rr/rich_ex.js?v=0.22, line 174: TypeError: obj is undefined
JavaScript error: https://c.v4dwkcv.com/js/rr/rich_ex.js?v=0.22, line 174: TypeError: obj is undefined
JavaScript error: https://c.v4dwkcv.com/js/rr/rich_ex.js?v=0.22, line 174: TypeError: obj is undefined
JavaScript error: https://c.v4dwkcv.com/js/rr/rich_ex.js?v=0.22, line 174: TypeError: obj is undefined
JavaScript error: https://c.v4dwkcv.com/js/rr/rich_ex.js?v=0.22, line 174: TypeError: obj is undefined
JavaScript error: https://c.v4dwkcv.com/js/rr/rich_ex.js?v=0.22, line 174: TypeError: obj is undefined
JavaScript error: https://c.v4dwkcv.com/js/rr/rich_ex.js?v=0.22, line 174: TypeError: obj is undefined
JavaScript error: https://c.v4dwkcv.com/js/rr/rich_ex.js?v=0.22, line 174: TypeError: obj is undefined
JavaScript error: https://c.v4dwkcv.com/js/rr/rich_ex.js?v=0.22, line 174: TypeError: obj is undefined
JavaScript error: https://c.v4dwkcv.com/js/rr/rich_ex.js?v=0.22, line 174: TypeError: obj is undefined
JavaScript error: https://c.v4dwkcv.com/js/rr/rich_ex.js?v=0.22, line 174: TypeError: obj is undefined
JavaScript error: https://c.v4dwkcv.com/js/rr/rich_ex.js?v=0.22, line 174: TypeError: obj is undefined
JavaScript error: https://c.v4dwkcv.com/js/rr/rich_ex.js?v=0.22, line 174: TypeError: obj is undefined
JavaScript error: https://c.v4dwkcv.com/js/rr/rich_ex.js?v=0.22, line 174: TypeError: obj is undefined
JavaScript error: https://c.v4dwkcv.com/js/rr/rich_ex.js?v=0.22, line 174: TypeError: obj is undefined
JavaScript error: https://c.v4dwkcv.com/js/rr/rich_ex.js?v=0.22, line 174: TypeError: obj is undefined
JavaScript error: https://c.v4dwkcv.com/js/rr/rich_ex.js?v=0.22, line 174: TypeError: obj is undefined
JavaScript error: https://c.v4dwkcv.com/js/rr/rich_ex.js?v=0.22, line 174: TypeError: obj is undefined
JavaScript error: https://c.v4dwkcv.com/js/rr/rich_ex.js?v=0.22, line 174: TypeError: obj is undefined
JavaScript error: https://c.v4dwkcv.com/js/rr/rich_ex.js?v=0.22, line 174: TypeError: obj is undefined
JavaScript error: https://c.v4dwkcv.com/js/rr/rich_ex.js?v=0.22, line 174: TypeError: obj is undefined
JavaScript error: https://c.v4dwkcv.com/js/rr/rich_ex.js?v=0.22, line 174: TypeError: obj is undefined
JavaScript error: https://c.v4dwkcv.com/js/rr/rich_ex.js?v=0.22, line 174: TypeError: obj is undefined
JavaScript error: https://c.v4dwkcv.com/js/rr/rich_ex.js?v=0.22, line 174: TypeError: obj is undefined
JavaScript error: https://c.v4dwkcv.com/js/rr/rich_ex.js?v=0.22, line 174: TypeError: obj is undefined
JavaScript error: https://c.v4dwkcv.com/js/rr/rich_ex.js?v=0.22, line 174: TypeError: obj is undefined
JavaScript error: https://c.v4dwkcv.com/js/rr/rich_ex.js?v=0.22, line 174: TypeError: obj is undefined
JavaScript error: https://c.v4dwkcv.com/js/rr/rich_ex.js?v=0.22, line 174: TypeError: obj is undefined
JavaScript error: https://c.v4dwkcv.com/js/rr/rich_ex.js?v=0.22, line 174: TypeError: obj is undefined
JavaScript error: https://c.v4dwkcv.com/js/rr/rich_ex.js?v=0.22, line 174: TypeError: obj is undefined
JavaScript error: https://c.v4dwkcv.com/js/rr/rich_ex.js?v=0.22, line 174: TypeError: obj is undefined
JavaScript error: https://c.v4dwkcv.com/js/rr/rich_ex.js?v=0.22, line 174: TypeError: obj is undefined
JavaScript error: https://c.v4dwkcv.com/js/rr/rich_ex.js?v=0.22, line 174: TypeError: obj is undefined
JavaScript error: https://c.v4dwkcv.com/js/rr/rich_ex.js?v=0.22, line 174: TypeError: obj is undefined
JavaScript error: https://c.v4dwkcv.com/js/rr/rich_ex.js?v=0.22, line 174: TypeError: obj is undefined
JavaScript error: https://c.v4dwkcv.com/js/rr/rich_ex.js?v=0.22, line 174: TypeError: obj is undefined
JavaScript error: https://c.v4dwkcv.com/js/rr/rich_ex.js?v=0.22, line 174: TypeError: obj is undefined
JavaScript error: https://c.v4dwkcv.com/js/rr/rich_ex.js?v=0.22, line 174: TypeError: obj is undefined
JavaScript error: https://c.v4dwkcv.com/js/rr/rich_ex.js?v=0.22, line 174: TypeError: obj is undefined
JavaScript error: https://c.v4dwkcv.com/js/rr/rich_ex.js?v=0.22, line 174: TypeError: obj is undefined
JavaScript error: https://c.v4dwkcv.com/js/rr/rich_ex.js?v=0.22, line 174: TypeError: obj is undefined
JavaScript error: https://c.v4dwkcv.com/js/rr/rich_ex.js?v=0.22, line 174: TypeError: obj is undefined
JavaScript error: https://c.v4dwkcv.com/js/rr/rich_ex.js?v=0.22, line 174: TypeError: obj is undefined
JavaScript error: https://c.v4dwkcv.com/js/rr/rich_ex.js?v=0.22, line 174: TypeError: obj is undefined
JavaScript error: https://c.v4dwkcv.com/js/rr/rich_ex.js?v=0.22, line 174: TypeError: obj is undefined
JavaScript error: https://c.v4dwkcv.com/js/rr/rich_ex.js?v=0.22, line 174: TypeError: obj is undefined
JavaScript error: https://c.v4dwkcv.com/js/rr/rich_ex.js?v=0.22, line 174: TypeError: obj is undefined
JavaScript error: https://c.v4dwkcv.com/js/rr/rich_ex.js?v=0.22, line 174: TypeError: obj is undefined
JavaScript error: https://c.v4dwkcv.com/js/rr/rich_ex.js?v=0.22, line 174: TypeError: obj is undefined
JavaScript error: https://c.v4dwkcv.com/js/rr/rich_ex.js?v=0.22, line 174: TypeError: obj is undefined
JavaScript error: https://c.v4dwkcv.com/js/rr/rich_ex.js?v=0.22, line 174: TypeError: obj is undefined
JavaScript error: https://c.v4dwkcv.com/js/rr/rich_ex.js?v=0.22, line 174: TypeError: obj is undefined
JavaScript error: https://c.v4dwkcv.com/js/rr/rich_ex.js?v=0.22, line 174: TypeError: obj is undefined
JavaScript error: https://c.v4dwkcv.com/js/rr/rich_ex.js?v=0.22, line 174: TypeError: obj is undefined
JavaScript error: https://c.v4dwkcv.com/js/rr/rich_ex.js?v=0.22, line 174: TypeError: obj is undefined
JavaScript error: https://c.v4dwkcv.com/js/rr/rich_ex.js?v=0.22, line 174: TypeError: obj is undefined
JavaScript error: https://c.v4dwkcv.com/js/rr/rich_ex.js?v=0.22, line 174: TypeError: obj is undefined
JavaScript error: https://c.v4dwkcv.com/js/rr/rich_ex.js?v=0.22, line 174: TypeError: obj is undefined
JavaScript error: https://c.v4dwkcv.com/js/rr/rich_ex.js?v=0.22, line 174: TypeError: obj is undefined
JavaScript error: https://c.v4dwkcv.com/js/rr/rich_ex.js?v=0.22, line 174: TypeError: obj is undefined
JavaScript error: https://c.v4dwkcv.com/js/rr/rich_ex.js?v=0.22, line 174: TypeError: obj is undefined
JavaScript error: https://c.v4dwkcv.com/js/rr/rich_ex.js?v=0.22, line 174: TypeError: obj is undefined
JavaScript error: https://c.v4dwkcv.com/js/rr/rich_ex.js?v=0.22, line 174: TypeError: obj is undefined
JavaScript error: https://c.v4dwkcv.com/js/rr/rich_ex.js?v=0.22, line 174: TypeError: obj is undefined
JavaScript error: https://c.v4dwkcv.com/js/rr/rich_ex.js?v=0.22, line 174: TypeError: obj is undefined
JavaScript error: https://c.v4dwkcv.com/js/rr/rich_ex.js?v=0.22, line 174: TypeError: obj is undefined
JavaScript error: https://c.v4dwkcv.com/js/rr/rich_ex.js?v=0.22, line 174: TypeError: obj is undefined
JavaScript error: https://c.v4dwkcv.com/js/rr/rich_ex.js?v=0.22, line 174: TypeError: obj is undefined
JavaScript error: https://c.v4dwkcv.com/js/rr/rich_ex.js?v=0.22, line 174: TypeError: obj is undefined
JavaScript error: https://c.v4dwkcv.com/js/rr/rich_ex.js?v=0.22, line 174: TypeError: obj is undefined
JavaScript error: https://c.v4dwkcv.com/js/rr/rich_ex.js?v=0.22, line 174: TypeError: obj is undefined
JavaScript error: https://c.v4dwkcv.com/js/rr/rich_ex.js?v=0.22, line 174: TypeError: obj is undefined
JavaScript error: https://c.v4dwkcv.com/js/rr/rich_ex.js?v=0.22, line 174: TypeError: obj is undefined
JavaScript error: https://c.v4dwkcv.com/js/rr/rich_ex.js?v=0.22, line 174: TypeError: obj is undefined
JavaScript error: https://c.v4dwkcv.com/js/rr/rich_ex.js?v=0.22, line 174: TypeError: obj is undefined
JavaScript error: https://c.v4dwkcv.com/js/rr/rich_ex.js?v=0.22, line 174: TypeError: obj is undefined
JavaScript error: https://c.v4dwkcv.com/js/rr/rich_ex.js?v=0.22, line 174: TypeError: obj is undefined
JavaScript error: https://c.v4dwkcv.com/js/rr/rich_ex.js?v=0.22, line 174: TypeError: obj is undefined
JavaScript error: https://c.v4dwkcv.com/js/rr/rich_ex.js?v=0.22, line 174: TypeError: obj is undefined
JavaScript error: https://c.v4dwkcv.com/js/rr/rich_ex.js?v=0.22, line 174: TypeError: obj is undefined
JavaScript error: https://c.v4dwkcv.com/js/rr/rich_ex.js?v=0.22, line 174: TypeError: obj is undefined
JavaScript error: https://c.v4dwkcv.com/js/rr/rich_ex.js?v=0.22, line 174: TypeError: obj is undefined
JavaScript error: https://c.v4dwkcv.com/js/rr/rich_ex.js?v=0.22, line 174: TypeError: obj is undefined
JavaScript error: https://c.v4dwkcv.com/js/rr/rich_ex.js?v=0.22, line 174: TypeError: obj is undefined
JavaScript error: https://c.v4dwkcv.com/js/rr/rich_ex.js?v=0.22, line 174: TypeError: obj is undefined
JavaScript error: https://c.v4dwkcv.com/js/rr/rich_ex.js?v=0.22, line 174: TypeError: obj is undefined
JavaScript error: https://c.v4dwkcv.com/js/rr/rich_ex.js?v=0.22, line 174: TypeError: obj is undefined
JavaScript error: https://c.v4dwkcv.com/js/rr/rich_ex.js?v=0.22, line 174: TypeError: obj is undefined
JavaScript error: https://c.v4dwkcv.com/js/rr/rich_ex.js?v=0.22, line 174: TypeError: obj is undefined
JavaScript error: https://c.v4dwkcv.com/js/rr/rich_ex.js?v=0.22, line 174: TypeError: obj is undefined
JavaScript error: https://c.v4dwkcv.com/js/rr/rich_ex.js?v=0.22, line 174: TypeError: obj is undefined
JavaScript error: https://c.v4dwkcv.com/js/rr/rich_ex.js?v=0.22, line 174: TypeError: obj is undefined
JavaScript error: https://c.v4dwkcv.com/js/rr/rich_ex.js?v=0.22, line 174: TypeError: obj is undefined
JavaScript error: https://c.v4dwkcv.com/js/rr/rich_ex.js?v=0.22, line 174: TypeError: obj is undefined
JavaScript error: https://c.v4dwkcv.com/js/rr/rich_ex.js?v=0.22, line 174: TypeError: obj is undefined
JavaScript error: https://c.v4dwkcv.com/js/rr/rich_ex.js?v=0.22, line 174: TypeError: obj is undefined
JavaScript error: https://c.v4dwkcv.com/js/rr/rich_ex.js?v=0.22, line 174: TypeError: obj is undefined
JavaScript error: https://c.v4dwkcv.com/js/rr/rich_ex.js?v=0.22, line 174: TypeError: obj is undefined
JavaScript error: https://c.v4dwkcv.com/js/rr/rich_ex.js?v=0.22, line 174: TypeError: obj is undefined
JavaScript error: https://c.v4dwkcv.com/js/rr/rich_ex.js?v=0.22, line 174: TypeError: obj is undefined
JavaScript error: https://c.v4dwkcv.com/js/rr/rich_ex.js?v=0.22, line 174: TypeError: obj is undefined
JavaScript error: https://c.v4dwkcv.com/js/rr/rich_ex.js?v=0.22, line 174: TypeError: obj is undefined
JavaScript error: https://c.v4dwkcv.com/js/rr/rich_ex.js?v=0.22, line 174: TypeError: obj is undefined
JavaScript error: https://c.v4dwkcv.com/js/rr/rich_ex.js?v=0.22, line 174: TypeError: obj is undefined
JavaScript error: https://c.v4dwkcv.com/js/rr/rich_ex.js?v=0.22, line 174: TypeError: obj is undefined
JavaScript error: https://c.v4dwkcv.com/js/rr/rich_ex.js?v=0.22, line 174: TypeError: obj is undefined
JavaScript error: https://c.v4dwkcv.com/js/rr/rich_ex.js?v=0.22, line 174: TypeError: obj is undefined
JavaScript error: https://c.v4dwkcv.com/js/rr/rich_ex.js?v=0.22, line 174: TypeError: obj is undefined
JavaScript error: https://c.v4dwkcv.com/js/rr/rich_ex.js?v=0.22, line 174: TypeError: obj is undefined
JavaScript error: https://c.v4dwkcv.com/js/rr/rich_ex.js?v=0.22, line 174: TypeError: obj is undefined
JavaScript error: https://c.v4dwkcv.com/js/rr/rich_ex.js?v=0.22, line 174: TypeError: obj is undefined
JavaScript error: https://c.v4dwkcv.com/js/rr/rich_ex.js?v=0.22, line 174: TypeError: obj is undefined
JavaScript error: https://c.v4dwkcv.com/js/rr/rich_ex.js?v=0.22, line 174: TypeError: obj is undefined
JavaScript error: https://c.v4dwkcv.com/js/rr/rich_ex.js?v=0.22, line 174: TypeError: obj is undefined
JavaScript error: https://c.v4dwkcv.com/js/rr/rich_ex.js?v=0.22, line 174: TypeError: obj is undefined
JavaScript error: https://c.v4dwkcv.com/js/rr/rich_ex.js?v=0.22, line 174: TypeError: obj is undefined
JavaScript error: https://c.v4dwkcv.com/js/rr/rich_ex.js?v=0.22, line 174: TypeError: obj is undefined
JavaScript error: https://c.v4dwkcv.com/js/rr/rich_ex.js?v=0.22, line 174: TypeError: obj is undefined
JavaScript error: https://c.v4dwkcv.com/js/rr/rich_ex.js?v=0.22, line 174: TypeError: obj is undefined
JavaScript error: https://c.v4dwkcv.com/js/rr/rich_ex.js?v=0.22, line 174: TypeError: obj is undefined
JavaScript error: https://c.v4dwkcv.com/js/rr/rich_ex.js?v=0.22, line 174: TypeError: obj is undefined
JavaScript error: https://c.v4dwkcv.com/js/rr/rich_ex.js?v=0.22, line 174: TypeError: obj is undefined
JavaScript error: https://c.v4dwkcv.com/js/rr/rich_ex.js?v=0.22, line 174: TypeError: obj is undefined
JavaScript error: https://c.v4dwkcv.com/js/rr/rich_ex.js?v=0.22, line 174: TypeError: obj is undefined
JavaScript error: https://c.v4dwkcv.com/js/rr/rich_ex.js?v=0.22, line 174: TypeError: obj is undefined
JavaScript error: https://c.v4dwkcv.com/js/rr/rich_ex.js?v=0.22, line 174: TypeError: obj is undefined
JavaScript error: https://c.v4dwkcv.com/js/rr/rich_ex.js?v=0.22, line 174: TypeError: obj is undefined
JavaScript error: https://c.v4dwkcv.com/js/rr/rich_ex.js?v=0.22, line 174: TypeError: obj is undefined
JavaScript error: https://c.v4dwkcv.com/js/rr/rich_ex.js?v=0.22, line 174: TypeError: obj is undefined
JavaScript error: https://c.v4dwkcv.com/js/rr/rich_ex.js?v=0.22, line 174: TypeError: obj is undefined
JavaScript error: https://c.v4dwkcv.com/js/rr/rich_ex.js?v=0.22, line 174: TypeError: obj is undefined
JavaScript error: https://c.v4dwkcv.com/js/rr/rich_ex.js?v=0.22, line 174: TypeError: obj is undefined
JavaScript error: https://c.v4dwkcv.com/js/rr/rich_ex.js?v=0.22, line 174: TypeError: obj is undefined
JavaScript error: https://c.v4dwkcv.com/js/rr/rich_ex.js?v=0.22, line 174: TypeError: obj is undefined
JavaScript error: https://c.v4dwkcv.com/js/rr/rich_ex.js?v=0.22, line 174: TypeError: obj is undefined
JavaScript error: https://c.v4dwkcv.com/js/rr/rich_ex.js?v=0.22, line 174: TypeError: obj is undefined
JavaScript error: https://c.v4dwkcv.com/js/rr/rich_ex.js?v=0.22, line 174: TypeError: obj is undefined
JavaScript error: https://c.v4dwkcv.com/js/rr/rich_ex.js?v=0.22, line 174: TypeError: obj is undefined
JavaScript error: https://c.v4dwkcv.com/js/rr/rich_ex.js?v=0.22, line 174: TypeError: obj is undefined
JavaScript error: https://c.v4dwkcv.com/js/rr/rich_ex.js?v=0.22, line 174: TypeError: obj is undefined
JavaScript error: https://c.v4dwkcv.com/js/rr/rich_ex.js?v=0.22, line 174: TypeError: obj is undefined
JavaScript error: https://c.v4dwkcv.com/js/rr/rich_ex.js?v=0.22, line 174: TypeError: obj is undefined
JavaScript error: https://c.v4dwkcv.com/js/rr/rich_ex.js?v=0.22, line 174: TypeError: obj is undefined
JavaScript error: https://c.v4dwkcv.com/js/rr/rich_ex.js?v=0.22, line 174: TypeError: obj is undefined
JavaScript error: https://c.v4dwkcv.com/js/rr/rich_ex.js?v=0.22, line 174: TypeError: obj is undefined
JavaScript error: https://c.v4dwkcv.com/js/rr/rich_ex.js?v=0.22, line 174: TypeError: obj is undefined
JavaScript error: https://c.v4dwkcv.com/js/rr/rich_ex.js?v=0.22, line 174: TypeError: obj is undefined
JavaScript error: https://c.v4dwkcv.com/js/rr/rich_ex.js?v=0.22, line 174: TypeError: obj is undefined
JavaScript error: https://c.v4dwkcv.com/js/rr/rich_ex.js?v=0.22, line 174: TypeError: obj is undefined
JavaScript error: https://c.v4dwkcv.com/js/rr/rich_ex.js?v=0.22, line 174: TypeError: obj is undefined
JavaScript error: https://c.v4dwkcv.com/js/rr/rich_ex.js?v=0.22, line 174: TypeError: obj is undefined
JavaScript error: https://c.v4dwkcv.com/js/rr/rich_ex.js?v=0.22, line 174: TypeError: obj is undefined
JavaScript error: https://c.v4dwkcv.com/js/rr/rich_ex.js?v=0.22, line 174: TypeError: obj is undefined
JavaScript error: https://c.v4dwkcv.com/js/rr/rich_ex.js?v=0.22, line 174: TypeError: obj is undefined
JavaScript error: https://c.v4dwkcv.com/js/rr/rich_ex.js?v=0.22, line 174: TypeError: obj is undefined
JavaScript error: https://c.v4dwkcv.com/js/rr/rich_ex.js?v=0.22, line 174: TypeError: obj is undefined
JavaScript error: https://c.v4dwkcv.com/js/rr/rich_ex.js?v=0.22, line 174: TypeError: obj is undefined
JavaScript error: https://c.v4dwkcv.com/js/rr/rich_ex.js?v=0.22, line 174: TypeError: obj is undefined
JavaScript error: https://c.v4dwkcv.com/js/rr/rich_ex.js?v=0.22, line 174: TypeError: obj is undefined
JavaScript error: https://c.v4dwkcv.com/js/rr/rich_ex.js?v=0.22, line 174: TypeError: obj is undefined
JavaScript error: https://c.v4dwkcv.com/js/rr/rich_ex.js?v=0.22, line 174: TypeError: obj is undefined
JavaScript error: https://c.v4dwkcv.com/js/rr/rich_ex.js?v=0.22, line 174: TypeError: obj is undefined
JavaScript error: https://c.v4dwkcv.com/js/rr/rich_ex.js?v=0.22, line 174: TypeError: obj is undefined
JavaScript error: https://c.v4dwkcv.com/js/rr/rich_ex.js?v=0.22, line 174: TypeError: obj is undefined
JavaScript error: https://c.v4dwkcv.com/js/rr/rich_ex.js?v=0.22, line 174: TypeError: obj is undefined
JavaScript error: https://c.v4dwkcv.com/js/rr/rich_ex.js?v=0.22, line 174: TypeError: obj is undefined
JavaScript error: https://c.v4dwkcv.com/js/rr/rich_ex.js?v=0.22, line 174: TypeError: obj is undefined
JavaScript error: https://c.v4dwkcv.com/js/rr/rich_ex.js?v=0.22, line 174: TypeError: obj is undefined
JavaScript error: https://c.v4dwkcv.com/js/rr/rich_ex.js?v=0.22, line 174: TypeError: obj is undefined
JavaScript error: https://c.v4dwkcv.com/js/rr/rich_ex.js?v=0.22, line 174: TypeError: obj is undefined
JavaScript error: https://c.v4dwkcv.com/js/rr/rich_ex.js?v=0.22, line 174: TypeError: obj is undefined
JavaScript error: https://c.v4dwkcv.com/js/rr/rich_ex.js?v=0.22, line 174: TypeError: obj is undefined
JavaScript error: https://c.v4dwkcv.com/js/rr/rich_ex.js?v=0.22, line 174: TypeError: obj is undefined
JavaScript error: https://c.v4dwkcv.com/js/rr/rich_ex.js?v=0.22, line 174: TypeError: obj is undefined
JavaScript error: https://c.v4dwkcv.com/js/rr/rich_ex.js?v=0.22, line 174: TypeError: obj is undefined
JavaScript error: https://c.v4dwkcv.com/js/rr/rich_ex.js?v=0.22, line 174: TypeError: obj is undefined
JavaScript error: https://c.v4dwkcv.com/js/rr/rich_ex.js?v=0.22, line 174: TypeError: obj is undefined
JavaScript error: https://c.v4dwkcv.com/js/rr/rich_ex.js?v=0.22, line 174: TypeError: obj is undefined
JavaScript error: https://c.v4dwkcv.com/js/rr/rich_ex.js?v=0.22, line 174: TypeError: obj is undefined
JavaScript error: https://c.v4dwkcv.com/js/rr/rich_ex.js?v=0.22, line 174: TypeError: obj is undefined
JavaScript error: https://c.v4dwkcv.com/js/rr/rich_ex.js?v=0.22, line 174: TypeError: obj is undefined
JavaScript error: https://c.v4dwkcv.com/js/rr/rich_ex.js?v=0.22, line 174: TypeError: obj is undefined
JavaScript error: https://c.v4dwkcv.com/js/rr/rich_ex.js?v=0.22, line 174: TypeError: obj is undefined
JavaScript error: https://c.v4dwkcv.com/js/rr/rich_ex.js?v=0.22, line 174: TypeError: obj is undefined
JavaScript error: https://c.v4dwkcv.com/js/rr/rich_ex.js?v=0.22, line 174: TypeError: obj is undefined
JavaScript error: https://c.v4dwkcv.com/js/rr/rich_ex.js?v=0.22, line 174: TypeError: obj is undefined
JavaScript error: https://c.v4dwkcv.com/js/rr/rich_ex.js?v=0.22, line 174: TypeError: obj is undefined
JavaScript error: https://c.v4dwkcv.com/js/rr/rich_ex.js?v=0.22, line 174: TypeError: obj is undefined
JavaScript error: https://c.v4dwkcv.com/js/rr/rich_ex.js?v=0.22, line 174: TypeError: obj is undefined
JavaScript error: https://c.v4dwkcv.com/js/rr/rich_ex.js?v=0.22, line 174: TypeError: obj is undefined
JavaScript error: https://c.v4dwkcv.com/js/rr/rich_ex.js?v=0.22, line 174: TypeError: obj is undefined
JavaScript error: https://c.v4dwkcv.com/js/rr/rich_ex.js?v=0.22, line 174: TypeError: obj is undefined
JavaScript error: https://c.v4dwkcv.com/js/rr/rich_ex.js?v=0.22, line 174: TypeError: obj is undefined
JavaScript error: https://c.v4dwkcv.com/js/rr/rich_ex.js?v=0.22, line 174: TypeError: obj is undefined
JavaScript error: https://c.v4dwkcv.com/js/rr/rich_ex.js?v=0.22, line 174: TypeError: obj is undefined
JavaScript error: https://c.v4dwkcv.com/js/rr/rich_ex.js?v=0.22, line 174: TypeError: obj is undefined
JavaScript error: https://c.v4dwkcv.com/js/rr/rich_ex.js?v=0.22, line 174: TypeError: obj is undefined
JavaScript error: https://c.v4dwkcv.com/js/rr/rich_ex.js?v=0.22, line 174: TypeError: obj is undefined
JavaScript error: https://c.v4dwkcv.com/js/rr/rich_ex.js?v=0.22, line 174: TypeError: obj is undefined
JavaScript error: https://c.v4dwkcv.com/js/rr/rich_ex.js?v=0.22, line 174: TypeError: obj is undefined
JavaScript error: https://c.v4dwkcv.com/js/rr/rich_ex.js?v=0.22, line 174: TypeError: obj is undefined
JavaScript error: https://c.v4dwkcv.com/js/rr/rich_ex.js?v=0.22, line 174: TypeError: obj is undefined
JavaScript error: https://c.v4dwkcv.com/js/rr/rich_ex.js?v=0.22, line 174: TypeError: obj is undefined
JavaScript error: https://c.v4dwkcv.com/js/rr/rich_ex.js?v=0.22, line 174: TypeError: obj is undefined
JavaScript error: https://c.v4dwkcv.com/js/rr/rich_ex.js?v=0.22, line 174: TypeError: obj is undefined
JavaScript error: https://c.v4dwkcv.com/js/rr/rich_ex.js?v=0.22, line 174: TypeError: obj is undefined
JavaScript error: https://c.v4dwkcv.com/js/rr/rich_ex.js?v=0.22, line 174: TypeError: obj is undefined
JavaScript error: https://c.v4dwkcv.com/js/rr/rich_ex.js?v=0.22, line 174: TypeError: obj is undefined
JavaScript error: https://c.v4dwkcv.com/js/rr/rich_ex.js?v=0.22, line 174: TypeError: obj is undefined
JavaScript error: https://c.v4dwkcv.com/js/rr/rich_ex.js?v=0.22, line 174: TypeError: obj is undefined
JavaScript error: https://c.v4dwkcv.com/js/rr/rich_ex.js?v=0.22, line 174: TypeError: obj is undefined
JavaScript error: https://c.v4dwkcv.com/js/rr/rich_ex.js?v=0.22, line 174: TypeError: obj is undefined
JavaScript error: https://c.v4dwkcv.com/js/rr/rich_ex.js?v=0.22, line 174: TypeError: obj is undefined
JavaScript error: https://c.v4dwkcv.com/js/rr/rich_ex.js?v=0.22, line 174: TypeError: obj is undefined
JavaScript error: https://c.v4dwkcv.com/js/rr/rich_ex.js?v=0.22, line 174: TypeError: obj is undefined
JavaScript error: https://c.v4dwkcv.com/js/rr/rich_ex.js?v=0.22, line 174: TypeError: obj is undefined
JavaScript error: https://c.v4dwkcv.com/js/rr/rich_ex.js?v=0.22, line 174: TypeError: obj is undefined
JavaScript error: https://c.v4dwkcv.com/js/rr/rich_ex.js?v=0.22, line 174: TypeError: obj is undefined
JavaScript error: https://c.v4dwkcv.com/js/rr/rich_ex.js?v=0.22, line 174: TypeError: obj is undefined
JavaScript error: https://c.v4dwkcv.com/js/rr/rich_ex.js?v=0.22, line 174: TypeError: obj is undefined
JavaScript error: https://c.v4dwkcv.com/js/rr/rich_ex.js?v=0.22, line 174: TypeError: obj is undefined
JavaScript error: https://c.v4dwkcv.com/js/rr/rich_ex.js?v=0.22, line 174: TypeError: obj is undefined
JavaScript error: https://c.v4dwkcv.com/js/rr/rich_ex.js?v=0.22, line 174: TypeError: obj is undefined
JavaScript error: https://c.v4dwkcv.com/js/rr/rich_ex.js?v=0.22, line 174: TypeError: obj is undefined
JavaScript error: https://c.v4dwkcv.com/js/rr/rich_ex.js?v=0.22, line 174: TypeError: obj is undefined
JavaScript error: https://c.v4dwkcv.com/js/rr/rich_ex.js?v=0.22, line 174: TypeError: obj is undefined
JavaScript error: https://c.v4dwkcv.com/js/rr/rich_ex.js?v=0.22, line 174: TypeError: obj is undefined
JavaScript error: https://c.v4dwkcv.com/js/rr/rich_ex.js?v=0.22, line 174: TypeError: obj is undefined
JavaScript error: https://c.v4dwkcv.com/js/rr/rich_ex.js?v=0.22, line 174: TypeError: obj is undefined
JavaScript error: https://c.v4dwkcv.com/js/rr/rich_ex.js?v=0.22, line 174: TypeError: obj is undefined
JavaScript error: https://c.v4dwkcv.com/js/rr/rich_ex.js?v=0.22, line 174: TypeError: obj is undefined
JavaScript error: https://c.v4dwkcv.com/js/rr/rich_ex.js?v=0.22, line 174: TypeError: obj is undefined
JavaScript error: https://c.v4dwkcv.com/js/rr/rich_ex.js?v=0.22, line 174: TypeError: obj is undefined
JavaScript error: https://c.v4dwkcv.com/js/rr/rich_ex.js?v=0.22, line 174: TypeError: obj is undefined
JavaScript error: https://c.v4dwkcv.com/js/rr/rich_ex.js?v=0.22, line 174: TypeError: obj is undefined
JavaScript error: https://c.v4dwkcv.com/js/rr/rich_ex.js?v=0.22, line 174: TypeError: obj is undefined
JavaScript error: https://c.v4dwkcv.com/js/rr/rich_ex.js?v=0.22, line 174: TypeError: obj is undefined
JavaScript error: https://c.v4dwkcv.com/js/rr/rich_ex.js?v=0.22, line 174: TypeError: obj is undefined
JavaScript error: https://c.v4dwkcv.com/js/rr/rich_ex.js?v=0.22, line 174: TypeError: obj is undefined
Unable to read VR Path Registry from C:\Users\lenovo\AppData\Local\openvr\openvrpaths.vrpath
[Parent 14160, Gecko_IOThread] WARNING: pipe error: 109: file z:/build/build/src/ipc/chromium/src/chrome/common/ipc_channel_win.cc, line 346
[Parent 14160, Gecko_IOThread] WARNING: pipe error: 109: file z:/build/build/src/ipc/chromium/src/chrome/common/ipc_channel_win.cc, line 346
[Child 16476, Chrome_ChildThread] WARNING: pipe error: 109: file z:/build/build/src/ipc/chromium/src/chrome/common/ipc_channel_win.cc, line 346

###!!! [Child][MessageChannel::SendAndWait] Error: Channel error: cannot send/recv

